<?xml version="1.0" encoding="UTF-8"?>
<testng-results ignored="0" total="4" passed="1" failed="3" skipped="0">
  <reporter-output>
  </reporter-output>
  <suite started-at="2022-07-30T13:59:34 IST" name="Default suite" finished-at="2022-07-30T14:00:15 IST" duration-ms="41074">
    <groups>
      <group name="cucumber">
        <method signature="AbstractTestNGCucumberTests.runScenario(io.cucumber.testng.PickleWrapper, io.cucumber.testng.FeatureWrapper)[pri:0, instance:runner.Testrunner@3541cb24]" name="runScenario" class="io.cucumber.testng.AbstractTestNGCucumberTests"/>
      </group> <!-- cucumber -->
    </groups>
    <test started-at="2022-07-30T13:59:34 IST" name="Default test" finished-at="2022-07-30T14:00:15 IST" duration-ms="41074">
      <class name="runner.Testrunner">
        <test-method is-config="true" signature="setUpClass(org.testng.ITestContext)[pri:0, instance:runner.Testrunner@3541cb24]" started-at="2022-07-30T13:59:34 IST" name="setUpClass" finished-at="2022-07-30T13:59:34 IST" duration-ms="594" status="PASS">
          <params>
            <param index="0">
              <value>
                <![CDATA[org.testng.TestRunner@298f0a0b]]>
              </value>
            </param>
          </params>
          <reporter-output>
          </reporter-output>
        </test-method> <!-- setUpClass -->
        <test-method signature="runScenario(io.cucumber.testng.PickleWrapper, io.cucumber.testng.FeatureWrapper)[pri:0, instance:runner.Testrunner@3541cb24]" started-at="2022-07-30T13:59:34 IST" name="runScenario" description="Runs Cucumber Scenarios" data-provider="scenarios" finished-at="2022-07-30T13:59:46 IST" duration-ms="11741" status="FAIL">
          <params>
            <param index="0">
              <value>
                <![CDATA["Verify if the text  Liquid present in Shop product"]]>
              </value>
            </param>
            <param index="1">
              <value>
                <![CDATA["Optional[Hover to products]"]]>
              </value>
            </param>
          </params>
          <exception class="io.cucumber.java.PendingException">
            <message>
              <![CDATA[TODO: implement me]]>
            </message>
            <full-stacktrace>
              <![CDATA[io.cucumber.java.PendingException: TODO: implement me
at stepDefination.ShopProductStepDefinaion.hover_on_products_choose_liquid_under_shop_product(ShopProductStepDefinaion.java:29)
at ✽.Hover on Products Choose Liquid under Shop product(file:///C:/Users/M1088071/SeleniumProjects/Comprehensive/./Features/testcase1.feature:5)
]]>
            </full-stacktrace>
          </exception> <!-- io.cucumber.java.PendingException -->
          <reporter-output>
          </reporter-output>
        </test-method> <!-- runScenario -->
        <test-method signature="runScenario(io.cucumber.testng.PickleWrapper, io.cucumber.testng.FeatureWrapper)[pri:0, instance:runner.Testrunner@3541cb24]" started-at="2022-07-30T13:59:46 IST" name="runScenario" description="Runs Cucumber Scenarios" data-provider="scenarios" finished-at="2022-07-30T13:59:58 IST" duration-ms="11641" status="PASS">
          <params>
            <param index="0">
              <value>
                <![CDATA["validating Pace result"]]>
              </value>
            </param>
            <param index="1">
              <value>
                <![CDATA["Optional[Search Pace and validate]"]]>
              </value>
            </param>
          </params>
          <reporter-output>
          </reporter-output>
        </test-method> <!-- runScenario -->
        <test-method signature="runScenario(io.cucumber.testng.PickleWrapper, io.cucumber.testng.FeatureWrapper)[pri:0, instance:runner.Testrunner@3541cb24]" started-at="2022-07-30T13:59:58 IST" name="runScenario" description="Runs Cucumber Scenarios" data-provider="scenarios" finished-at="2022-07-30T14:00:06 IST" duration-ms="8196" status="FAIL">
          <params>
            <param index="0">
              <value>
                <![CDATA["Validate if Our Ambition"]]>
              </value>
            </param>
            <param index="1">
              <value>
                <![CDATA["Optional[Footer section validation]"]]>
              </value>
            </param>
          </params>
          <exception class="io.cucumber.java.PendingException">
            <message>
              <![CDATA[TODO: implement me]]>
            </message>
            <full-stacktrace>
              <![CDATA[io.cucumber.java.PendingException: TODO: implement me
at stepDefination.OurcommitmentStepDefination.verify_our_ambition_is_displayed_under_our_commitment(OurcommitmentStepDefination.java:31)
at ✽.Verify Our Ambition is displayed under Our Commitment(file:///C:/Users/M1088071/SeleniumProjects/Comprehensive/./Features/testcase3.feature:5)
]]>
            </full-stacktrace>
          </exception> <!-- io.cucumber.java.PendingException -->
          <reporter-output>
          </reporter-output>
        </test-method> <!-- runScenario -->
        <test-method signature="runScenario(io.cucumber.testng.PickleWrapper, io.cucumber.testng.FeatureWrapper)[pri:0, instance:runner.Testrunner@3541cb24]" started-at="2022-07-30T14:00:06 IST" name="runScenario" description="Runs Cucumber Scenarios" data-provider="scenarios" finished-at="2022-07-30T14:00:15 IST" duration-ms="8640" status="FAIL">
          <params>
            <param index="0">
              <value>
                <![CDATA["Validate if How to Do Laundry"]]>
              </value>
            </param>
            <param index="1">
              <value>
                <![CDATA["Optional[Footer section validation]"]]>
              </value>
            </param>
          </params>
          <exception class="io.cucumber.java.PendingException">
            <message>
              <![CDATA[TODO: implement me]]>
            </message>
            <full-stacktrace>
              <![CDATA[io.cucumber.java.PendingException: TODO: implement me
at stepDefination.HowtowashclothesStepDefination.verify_how_to_do_laundry_is_displayed_under_hot_to_wash_clothes(HowtowashclothesStepDefination.java:31)
at ✽.Verify How to Do Laundry is displayed under How to Wash Clothes(file:///C:/Users/M1088071/SeleniumProjects/Comprehensive/./Features/testcase4.feature:5)
]]>
            </full-stacktrace>
          </exception> <!-- io.cucumber.java.PendingException -->
          <reporter-output>
          </reporter-output>
        </test-method> <!-- runScenario -->
        <test-method is-config="true" signature="tearDownClass()[pri:0, instance:runner.Testrunner@3541cb24]" started-at="2022-07-30T14:00:15 IST" name="tearDownClass" finished-at="2022-07-30T14:00:15 IST" duration-ms="209" status="PASS">
          <reporter-output>
          </reporter-output>
        </test-method> <!-- tearDownClass -->
      </class> <!-- runner.Testrunner -->
    </test> <!-- Default test -->
  </suite> <!-- Default suite -->
</testng-results>
