<html>
<head>
<title>TestNG:  Default test</title>
<link href="../testng.css" rel="stylesheet" type="text/css" />
<link href="../my-testng.css" rel="stylesheet" type="text/css" />

<style type="text/css">
.log { display: none;} 
.stack-trace { display: none;} 
</style>
<script type="text/javascript">
<!--
function flip(e) {
  current = e.style.display;
  if (current == 'block') {
    e.style.display = 'none';
    return 0;
  }
  else {
    e.style.display = 'block';
    return 1;
  }
}

function toggleBox(szDivId, elem, msg1, msg2)
{
  var res = -1;  if (document.getElementById) {
    res = flip(document.getElementById(szDivId));
  }
  else if (document.all) {
    // this is the way old msie versions work
    res = flip(document.all[szDivId]);
  }
  if(elem) {
    if(res == 0) elem.innerHTML = msg1; else elem.innerHTML = msg2;
  }

}

function toggleAllBoxes() {
  if (document.getElementsByTagName) {
    d = document.getElementsByTagName('div');
    for (i = 0; i < d.length; i++) {
      if (d[i].className == 'log') {
        flip(d[i]);
      }
    }
  }
}

// -->
</script>

</head>
<body>
<h2 align='center'>Default test</h2><table border='1' align="center">
<tr>
<td>Tests passed/Failed/Skipped:</td><td>1/3/0</td>
</tr><tr>
<td>Started on:</td><td>Sat Jul 30 13:59:34 IST 2022</td>
</tr>
<tr><td>Total time:</td><td>41 seconds (41074 ms)</td>
</tr><tr>
<td>Included groups:</td><td></td>
</tr><tr>
<td>Excluded groups:</td><td></td>
</tr>
</table><p/>
<small><i>(Hover the method name to see the test class name)</i></small><p/>
<table width='100%' border='1' class='invocation-failed'>
<tr><td colspan='4' align='center'><b>FAILED TESTS</b></td></tr>
<tr><td><b>Test method</b></td>
<td width="30%"><b>Exception</b></td>
<td width="10%"><b>Time (seconds)</b></td>
<td><b>Instance</b></td>
</tr>
<tr>
<td title='runner.Testrunner.runScenario()'><b>runScenario</b><br>Test class: runner.Testrunner<br>Test method: Runs Cucumber Scenarios<br>Parameters: "Verify if the text  Liquid present in Shop product", "Optional[Hover to products]"</td>
<td><div><pre>io.cucumber.java.PendingException: TODO: implement me
	at stepDefination.ShopProductStepDefinaion.hover_on_products_choose_liquid_under_shop_product(ShopProductStepDefinaion.java:29)
	at ?.Hover on Products Choose Liquid under Shop product(file:///C:/Users/M1088071/SeleniumProjects/Comprehensive/./Features/testcase1.feature:5)
</pre></div><a href='#' onClick='toggleBox("stack-trace594570680", this, "Click to show all stack frames", "Click to hide stack frames")'>Click to show all stack frames</a>
<div class='stack-trace' id='stack-trace594570680'><pre>io.cucumber.java.PendingException: TODO: implement me
	at stepDefination.ShopProductStepDefinaion.hover_on_products_choose_liquid_under_shop_product(ShopProductStepDefinaion.java:29)
	at ?.Hover on Products Choose Liquid under Shop product(file:///C:/Users/M1088071/SeleniumProjects/Comprehensive/./Features/testcase1.feature:5)
</pre></div></td>
<td>11</td>
<td>runner.Testrunner@3541cb24</td></tr>
<tr>
<td title='runner.Testrunner.runScenario()'><b>runScenario</b><br>Test class: runner.Testrunner<br>Test method: Runs Cucumber Scenarios<br>Parameters: "Validate if Our Ambition", "Optional[Footer section validation]"</td>
<td><div><pre>io.cucumber.java.PendingException: TODO: implement me
	at stepDefination.OurcommitmentStepDefination.verify_our_ambition_is_displayed_under_our_commitment(OurcommitmentStepDefination.java:31)
	at ?.Verify Our Ambition is displayed under Our Commitment(file:///C:/Users/M1088071/SeleniumProjects/Comprehensive/./Features/testcase3.feature:5)
</pre></div><a href='#' onClick='toggleBox("stack-trace987015126", this, "Click to show all stack frames", "Click to hide stack frames")'>Click to show all stack frames</a>
<div class='stack-trace' id='stack-trace987015126'><pre>io.cucumber.java.PendingException: TODO: implement me
	at stepDefination.OurcommitmentStepDefination.verify_our_ambition_is_displayed_under_our_commitment(OurcommitmentStepDefination.java:31)
	at ?.Verify Our Ambition is displayed under Our Commitment(file:///C:/Users/M1088071/SeleniumProjects/Comprehensive/./Features/testcase3.feature:5)
</pre></div></td>
<td>8</td>
<td>runner.Testrunner@3541cb24</td></tr>
<tr>
<td title='runner.Testrunner.runScenario()'><b>runScenario</b><br>Test class: runner.Testrunner<br>Test method: Runs Cucumber Scenarios<br>Parameters: "Validate if How to Do Laundry", "Optional[Footer section validation]"</td>
<td><div><pre>io.cucumber.java.PendingException: TODO: implement me
	at stepDefination.HowtowashclothesStepDefination.verify_how_to_do_laundry_is_displayed_under_hot_to_wash_clothes(HowtowashclothesStepDefination.java:31)
	at ?.Verify How to Do Laundry is displayed under How to Wash Clothes(file:///C:/Users/M1088071/SeleniumProjects/Comprehensive/./Features/testcase4.feature:5)
</pre></div><a href='#' onClick='toggleBox("stack-trace650859015", this, "Click to show all stack frames", "Click to hide stack frames")'>Click to show all stack frames</a>
<div class='stack-trace' id='stack-trace650859015'><pre>io.cucumber.java.PendingException: TODO: implement me
	at stepDefination.HowtowashclothesStepDefination.verify_how_to_do_laundry_is_displayed_under_hot_to_wash_clothes(HowtowashclothesStepDefination.java:31)
	at ?.Verify How to Do Laundry is displayed under How to Wash Clothes(file:///C:/Users/M1088071/SeleniumProjects/Comprehensive/./Features/testcase4.feature:5)
</pre></div></td>
<td>8</td>
<td>runner.Testrunner@3541cb24</td></tr>
</table><p>
<table width='100%' border='1' class='invocation-passed'>
<tr><td colspan='4' align='center'><b>PASSED TESTS</b></td></tr>
<tr><td><b>Test method</b></td>
<td width="30%"><b>Exception</b></td>
<td width="10%"><b>Time (seconds)</b></td>
<td><b>Instance</b></td>
</tr>
<tr>
<td title='runner.Testrunner.runScenario()'><b>runScenario</b><br>Test class: runner.Testrunner<br>Test method: Runs Cucumber Scenarios<br>Parameters: "validating Pace result", "Optional[Search Pace and validate]"</td>
<td></td>
<td>11</td>
<td>runner.Testrunner@3541cb24</td></tr>
</table><p>
</body>
</html>