<?xml version="1.0" encoding="UTF-8"?>
<!-- Generated by org.testng.reporters.JUnitXMLReporter -->
<testsuite ignored="0" hostname="MT-PF1N50E4" failures="3" tests="4" name="Default test" time="41.074" errors="0" timestamp="2022-07-30T14:00:15 IST">
  <testcase classname="io.cucumber.testng.AbstractTestNGCucumberTests" name="runScenario" time="11.741">
    <failure type="io.cucumber.java.PendingException" message="TODO: implement me">
      <![CDATA[io.cucumber.java.PendingException: TODO: implement me
at stepDefination.ShopProductStepDefinaion.hover_on_products_choose_liquid_under_shop_product(ShopProductStepDefinaion.java:29)
at ✽.Hover on Products Choose Liquid under Shop product(file:///C:/Users/M1088071/SeleniumProjects/Comprehensive/./Features/testcase1.feature:5)
]]>
    </failure>
  </testcase> <!-- runScenario -->
  <testcase classname="io.cucumber.testng.AbstractTestNGCucumberTests" name="runScenario" time="11.641"/>
  <testcase classname="io.cucumber.testng.AbstractTestNGCucumberTests" name="runScenario" time="8.196">
    <failure type="io.cucumber.java.PendingException" message="TODO: implement me">
      <![CDATA[io.cucumber.java.PendingException: TODO: implement me
at stepDefination.OurcommitmentStepDefination.verify_our_ambition_is_displayed_under_our_commitment(OurcommitmentStepDefination.java:31)
at ✽.Verify Our Ambition is displayed under Our Commitment(file:///C:/Users/M1088071/SeleniumProjects/Comprehensive/./Features/testcase3.feature:5)
]]>
    </failure>
  </testcase> <!-- runScenario -->
  <testcase classname="io.cucumber.testng.AbstractTestNGCucumberTests" name="runScenario" time="8.64">
    <failure type="io.cucumber.java.PendingException" message="TODO: implement me">
      <![CDATA[io.cucumber.java.PendingException: TODO: implement me
at stepDefination.HowtowashclothesStepDefination.verify_how_to_do_laundry_is_displayed_under_hot_to_wash_clothes(HowtowashclothesStepDefination.java:31)
at ✽.Verify How to Do Laundry is displayed under How to Wash Clothes(file:///C:/Users/M1088071/SeleniumProjects/Comprehensive/./Features/testcase4.feature:5)
]]>
    </failure>
  </testcase> <!-- runScenario -->
</testsuite> <!-- Default test -->
