<?xml version="1.0" encoding="UTF-8"?>
<!-- Generated by org.testng.reporters.JUnitReportReporter -->
<testsuite hostname="MT-PF1N50E4" failures="0" tests="4" name="runner.Testrunner" time="40.218" errors="3" timestamp="2022-07-30T14:00:15 IST" skipped="0">
  <testcase classname="runner.Testrunner" name="runScenario" time="8.196">
    <error message="TODO: implement me" type="io.cucumber.java.PendingException">
      <![CDATA[io.cucumber.java.PendingException: TODO: implement me
at stepDefination.OurcommitmentStepDefination.verify_our_ambition_is_displayed_under_our_commitment(OurcommitmentStepDefination.java:31)
at ✽.Verify Our Ambition is displayed under Our Commitment(file:///C:/Users/M1088071/SeleniumProjects/Comprehensive/./Features/testcase3.feature:5)
]]>
    </error>
  </testcase> <!-- runScenario -->
  <testcase classname="runner.Testrunner" name="runScenario" time="11.641"/>
  <testcase classname="runner.Testrunner" name="runScenario" time="11.741">
    <error message="TODO: implement me" type="io.cucumber.java.PendingException">
      <![CDATA[io.cucumber.java.PendingException: TODO: implement me
at stepDefination.ShopProductStepDefinaion.hover_on_products_choose_liquid_under_shop_product(ShopProductStepDefinaion.java:29)
at ✽.Hover on Products Choose Liquid under Shop product(file:///C:/Users/M1088071/SeleniumProjects/Comprehensive/./Features/testcase1.feature:5)
]]>
    </error>
  </testcase> <!-- runScenario -->
  <testcase classname="runner.Testrunner" name="runScenario" time="8.640">
    <error message="TODO: implement me" type="io.cucumber.java.PendingException">
      <![CDATA[io.cucumber.java.PendingException: TODO: implement me
at stepDefination.HowtowashclothesStepDefination.verify_how_to_do_laundry_is_displayed_under_hot_to_wash_clothes(HowtowashclothesStepDefination.java:31)
at ✽.Verify How to Do Laundry is displayed under How to Wash Clothes(file:///C:/Users/M1088071/SeleniumProjects/Comprehensive/./Features/testcase4.feature:5)
]]>
    </error>
  </testcase> <!-- runScenario -->
</testsuite> <!-- runner.Testrunner -->
